<?xml version="1.0" encoding="utf-8"?><testsuites name="pytest tests"><testsuite name="pytest" errors="0" failures="0" skipped="0" tests="16" time="5.052" timestamp="2026-01-31T22:04:57.623461+00:00" hostname="agent-env-2e88edad-2847-4850-b1d7-66d45e8ce080"><testcase classname="tests.test_api.TestRootEndpoint" name="test_root_returns_hello_world" time="0.097" /><testcase classname="tests.test_api.TestLeadAPI" name="test_lead_submission_success" time="0.429" /><testcase classname="tests.test_api.TestLeadAPI" name="test_lead_submission_minimal_data" time="0.430" /><testcase classname="tests.test_api.TestLeadAPI" name="test_lead_submission_with_all_fields" time="0.501" /><testcase classname="tests.test_api.TestLeadAPI" name="test_lead_submission_missing_name" time="0.039" /><testcase classname="tests.test_api.TestLeadAPI" name="test_lead_submission_missing_phone" time="0.034" /><testcase classname="tests.test_api.TestStatusAPI" name="test_create_status_check" time="0.047" /><testcase classname="tests.test_api.TestStatusAPI" name="test_get_status_checks" time="0.038" /><testcase classname="tests.test_api.TestServiceTypes" name="test_lead_with_service_types[diagnostika]" time="0.479" /><testcase classname="tests.test_api.TestServiceTypes" name="test_lead_with_service_types[tozalash]" time="0.422" /><testcase classname="tests.test_api.TestServiceTypes" name="test_lead_with_service_types[uch-klapan]" time="0.432" /><testcase classname="tests.test_api.TestServiceTypes" name="test_lead_with_service_types[turbina]" time="0.399" /><testcase classname="tests.test_api.TestServiceTypes" name="test_lead_with_service_types[issiqlik-almashgich]" time="0.412" /><testcase classname="tests.test_api.TestServiceTypes" name="test_lead_with_service_types[bosim-sensori]" time="0.408" /><testcase classname="tests.test_api.TestServiceTypes" name="test_lead_with_service_types[manostat]" time="0.415" /><testcase classname="tests.test_api.TestServiceTypes" name="test_lead_with_service_types[shoshilinch]" time="0.404" /></testsuite></testsuites>